================================= Diagnostic report (Trial) =================================
Time: Fri Dec 27 19:58:30 PST 2013

============ Linux info =============================================================
-------------------------------------------------------------------------------------
Uname:
Linux ubuntu 3.11.0-14-generic #21-Ubuntu SMP Tue Nov 12 17:04:55 UTC 2013 x86_64 x86_64 x86_64 GNU/Linux

-------------------------------------------------------------------------------------
Linux distribution:
/etc/lsb-release: DISTRIB_ID=Ubuntu
DISTRIB_RELEASE=13.10
DISTRIB_CODENAME=saucy
DISTRIB_DESCRIPTION="Ubuntu 13.10"
/etc/os-release   /etc/debian_version: NAME="Ubuntu"
VERSION="13.10, Saucy Salamander"
ID=ubuntu
ID_LIKE=debian
PRETTY_NAME="Ubuntu 13.10"
VERSION_ID="13.10"
HOME_URL="http://www.ubuntu.com/"
SUPPORT_URL="http://help.ubuntu.com/"
BUG_REPORT_URL="http://bugs.launchpad.net/ubuntu/"
wheezy/sid

-------------------------------------------------------------------------------------
Pre-login message:
/etc/issue:
Ubuntu 13.10 \n \l

-------------------------------------------------------------------------------------
Linux kernel headers version:
/usr/include/linux/version.h:
#define LINUX_VERSION_CODE 199431
#define KERNEL_VERSION(a,b,c) (((a) << 16) + ((b) << 8) + (c))

-------------------------------------------------------------------------------------
Linux kernel modules:
coretemp 13435 0 - Live 0x0000000000000000
crct10dif_pclmul 14289 0 - Live 0x0000000000000000 (F)
crc32_pclmul 13113 0 - Live 0x0000000000000000 (F)
ghash_clmulni_intel 13259 0 - Live 0x0000000000000000 (F)
aesni_intel 55624 0 - Live 0x0000000000000000 (F)
aes_x86_64 17131 1 aesni_intel, Live 0x0000000000000000 (F)
lrw 13257 1 aesni_intel, Live 0x0000000000000000 (F)
gf128mul 14951 1 lrw, Live 0x0000000000000000 (F)
glue_helper 13990 1 aesni_intel, Live 0x0000000000000000 (F)
ablk_helper 13597 1 aesni_intel, Live 0x0000000000000000 (F)
cryptd 20329 3 ghash_clmulni_intel,aesni_intel,ablk_helper, Live 0x0000000000000000 (F)
vmw_balloon 13415 0 - Live 0x0000000000000000 (F)
microcode 23518 0 - Live 0x0000000000000000 (F)
ppdev 17671 0 - Live 0x0000000000000000 (F)
snd_ens1371 25378 2 - Live 0x0000000000000000
snd_ac97_codec 130236 1 snd_ens1371, Live 0x0000000000000000
ac97_bus 12730 1 snd_ac97_codec, Live 0x0000000000000000
gameport 15435 1 snd_ens1371, Live 0x0000000000000000 (F)
snd_pcm 102033 2 snd_ens1371,snd_ac97_codec, Live 0x0000000000000000 (F)
snd_page_alloc 18710 1 snd_pcm, Live 0x0000000000000000 (F)
snd_seq_midi 13324 0 - Live 0x0000000000000000 (F)
snd_seq_midi_event 14899 1 snd_seq_midi, Live 0x0000000000000000 (F)
psmouse 97626 0 - Live 0x0000000000000000 (F)
serio_raw 13413 0 - Live 0x0000000000000000 (F)
snd_rawmidi 30095 2 snd_ens1371,snd_seq_midi, Live 0x0000000000000000 (F)
rfcomm 69070 0 - Live 0x0000000000000000
joydev 17377 0 - Live 0x0000000000000000 (F)
bnep 19564 2 - Live 0x0000000000000000
snd_seq 61560 2 snd_seq_midi,snd_seq_midi_event, Live 0x0000000000000000 (F)
bluetooth 371880 10 rfcomm,bnep, Live 0x0000000000000000
snd_seq_device 14497 3 snd_seq_midi,snd_rawmidi,snd_seq, Live 0x0000000000000000 (F)
snd_timer 29433 2 snd_pcm,snd_seq, Live 0x0000000000000000 (F)
snd 69141 12 snd_ens1371,snd_ac97_codec,snd_pcm,snd_seq_midi,snd_rawmidi,snd_seq,snd_seq_device,snd_timer, Live 0x0000000000000000 (F)
soundcore 12680 1 snd, Live 0x0000000000000000 (F)
vmwgfx 126596 3 - Live 0x0000000000000000
ttm 83995 1 vmwgfx, Live 0x0000000000000000
drm 296739 4 vmwgfx,ttm, Live 0x0000000000000000
vmw_vmci 62962 0 - Live 0x0000000000000000
i2c_piix4 22106 0 - Live 0x0000000000000000
parport_pc 32701 1 - Live 0x0000000000000000 (F)
shpchp 37032 0 - Live 0x0000000000000000
mac_hid 13205 0 - Live 0x0000000000000000
lp 17759 0 - Live 0x0000000000000000 (F)
parport 42299 3 ppdev,parport_pc,lp, Live 0x0000000000000000 (F)
hid_generic 12548 0 - Live 0x0000000000000000
usbhid 53014 0 - Live 0x0000000000000000
hid 105818 2 hid_generic,usbhid, Live 0x0000000000000000
e1000 144870 0 - Live 0x0000000000000000 (F)
mptspi 22542 2 - Live 0x0000000000000000 (F)
mptscsih 40150 1 mptspi, Live 0x0000000000000000 (F)
mptbase 101792 2 mptspi,mptscsih, Live 0x0000000000000000 (F)
vmw_pvscsi 22799 0 - Live 0x0000000000000000 (F)
floppy 69370 0 - Live 0x0000000000000000 (F)
vmxnet3 49400 0 - Live 0x0000000000000000 (F)

-------------------------------------------------------------------------------------
File systems supported by Linux kernel:
nodev	sysfs
nodev	rootfs
nodev	bdev
nodev	proc
nodev	cgroup
nodev	cpuset
nodev	tmpfs
nodev	devtmpfs
nodev	debugfs
nodev	securityfs
nodev	sockfs
nodev	pipefs
nodev	anon_inodefs
nodev	devpts
	ext3
	ext4
nodev	ramfs
nodev	hugetlbfs
	vfat
nodev	ecryptfs
	fuseblk
nodev	fuse
nodev	fusectl
nodev	pstore
nodev	mqueue

-------------------------------------------------------------------------------------
Enviroment variables
XDG_VTNR=7
XDG_SESSION_ID=c2
SSH_AGENT_PID=1829
CLUTTER_IM_MODULE=xim
GPG_AGENT_INFO=/run/user/1000/keyring-RFpZw1/gpg:0:1
VTE_VERSION=3406
SHELL=/bin/bash
TERM=xterm
WINDOWID=58723098
GNOME_KEYRING_CONTROL=/run/user/1000/keyring-RFpZw1
UPSTART_SESSION=unix:abstract=/com/ubuntu/upstart-session/1000/1739
GTK_MODULES=overlay-scrollbar:unity-gtk-module
USER=dragonx
LS_COLORS=rs=0:di=01;34:ln=01;36:mh=00:pi=40;33:so=01;35:do=01;35:bd=40;33;01:cd=40;33;01:or=40;31;01:su=37;41:sg=30;43:ca=30;41:tw=30;42:ow=34;42:st=37;44:ex=01;32:*.tar=01;31:*.tgz=01;31:*.arj=01;31:*.taz=01;31:*.lzh=01;31:*.lzma=01;31:*.tlz=01;31:*.txz=01;31:*.zip=01;31:*.z=01;31:*.Z=01;31:*.dz=01;31:*.gz=01;31:*.lz=01;31:*.xz=01;31:*.bz2=01;31:*.bz=01;31:*.tbz=01;31:*.tbz2=01;31:*.tz=01;31:*.deb=01;31:*.rpm=01;31:*.jar=01;31:*.war=01;31:*.ear=01;31:*.sar=01;31:*.rar=01;31:*.ace=01;31:*.zoo=01;31:*.cpio=01;31:*.7z=01;31:*.rz=01;31:*.jpg=01;35:*.jpeg=01;35:*.gif=01;35:*.bmp=01;35:*.pbm=01;35:*.pgm=01;35:*.ppm=01;35:*.tga=01;35:*.xbm=01;35:*.xpm=01;35:*.tif=01;35:*.tiff=01;35:*.png=01;35:*.svg=01;35:*.svgz=01;35:*.mng=01;35:*.pcx=01;35:*.mov=01;35:*.mpg=01;35:*.mpeg=01;35:*.m2v=01;35:*.mkv=01;35:*.webm=01;35:*.ogm=01;35:*.mp4=01;35:*.m4v=01;35:*.mp4v=01;35:*.vob=01;35:*.qt=01;35:*.nuv=01;35:*.wmv=01;35:*.asf=01;35:*.rm=01;35:*.rmvb=01;35:*.flc=01;35:*.avi=01;35:*.fli=01;35:*.flv=01;35:*.gl=01;35:*.dl=01;35:*.xcf=01;35:*.xwd=01;35:*.yuv=01;35:*.cgm=01;35:*.emf=01;35:*.axv=01;35:*.anx=01;35:*.ogv=01;35:*.ogx=01;35:*.aac=00;36:*.au=00;36:*.flac=00;36:*.mid=00;36:*.midi=00;36:*.mka=00;36:*.mp3=00;36:*.mpc=00;36:*.ogg=00;36:*.ra=00;36:*.wav=00;36:*.axa=00;36:*.oga=00;36:*.spx=00;36:*.xspf=00;36:
XDG_SESSION_PATH=/org/freedesktop/DisplayManager/Session0
XDG_SEAT_PATH=/org/freedesktop/DisplayManager/Seat0
SSH_AUTH_SOCK=/run/user/1000/keyring-RFpZw1/ssh
DEFAULTS_PATH=/usr/share/gconf/ubuntu.default.path
XDG_CONFIG_DIRS=/etc/xdg/xdg-ubuntu:/usr/share/upstart/xdg:/etc/xdg
DESKTOP_SESSION=ubuntu
PATH=/usr/local/heroku/bin:/usr/lib/lightdm/lightdm:/usr/local/sbin:/usr/local/bin:/usr/sbin:/usr/bin:/sbin:/bin:/usr/games:/usr/local/games
PWD=/home/dragonx/facer-vl/activation
JOB=gnome-session
XMODIFIERS=@im=ibus
LANG=en_US.UTF-8
GNOME_KEYRING_PID=1737
MANDATORY_PATH=/usr/share/gconf/ubuntu.mandatory.path
GDM_LANG=en_US
COMPIZ_CONFIG_PROFILE=ubuntu
IM_CONFIG_PHASE=1
UBUNTU_MENUPROXY=1
GDMSESSION=ubuntu
SESSIONTYPE=gnome-session
HOME=/home/dragonx
XDG_SEAT=seat0
SHLVL=2
LANGUAGE=en_US
GNOME_DESKTOP_SESSION_ID=this-is-deprecated
LIBGL_ALWAYS_SOFTWARE=1
UPSTART_INSTANCE=
LOGNAME=dragonx
UPSTART_EVENTS=started starting
DBUS_SESSION_BUS_ADDRESS=unix:abstract=/tmp/dbus-752s9Hf68Y
XDG_DATA_DIRS=/usr/share/ubuntu:/usr/share/gnome:/usr/local/share/:/usr/share/
QT4_IM_MODULE=xim
LESSOPEN=| /usr/bin/lesspipe %s
TEXTDOMAIN=im-config
UPSTART_JOB=gnome-settings-daemon
INSTANCE=
DISPLAY=:0
XDG_RUNTIME_DIR=/run/user/1000
GTK_IM_MODULE=ibus
XDG_CURRENT_DESKTOP=Unity
LESSCLOSE=/usr/bin/lesspipe %s %s
TEXTDOMAINDIR=/usr/share/locale/
XAUTHORITY=/home/dragonx/.Xauthority
COLORTERM=gnome-terminal
_=/usr/bin/env

-------------------------------------------------------------------------------------
GNU gcc version:
gcc (Ubuntu/Linaro 4.8.1-10ubuntu9) 4.8.1
Copyright (C) 2013 Free Software Foundation, Inc.
This is free software; see the source for copying conditions.  There is NO
warranty; not even for MERCHANTABILITY or FITNESS FOR A PARTICULAR PURPOSE.
Using built-in specs.
COLLECT_GCC=gcc
COLLECT_LTO_WRAPPER=/usr/lib/gcc/x86_64-linux-gnu/4.8/lto-wrapper
Target: x86_64-linux-gnu
Configured with: ../src/configure -v --with-pkgversion='Ubuntu/Linaro 4.8.1-10ubuntu9' --with-bugurl=file:///usr/share/doc/gcc-4.8/README.Bugs --enable-languages=c,c++,java,go,d,fortran,objc,obj-c++ --prefix=/usr --program-suffix=-4.8 --enable-shared --enable-linker-build-id --libexecdir=/usr/lib --without-included-gettext --enable-threads=posix --with-gxx-include-dir=/usr/include/c++/4.8 --libdir=/usr/lib --enable-nls --with-sysroot=/ --enable-clocale=gnu --enable-libstdcxx-debug --enable-libstdcxx-time=yes --enable-gnu-unique-object --enable-plugin --with-system-zlib --disable-browser-plugin --enable-java-awt=gtk --enable-gtk-cairo --with-java-home=/usr/lib/jvm/java-1.5.0-gcj-4.8-amd64/jre --enable-java-home --with-jvm-root-dir=/usr/lib/jvm/java-1.5.0-gcj-4.8-amd64 --with-jvm-jar-dir=/usr/lib/jvm-exports/java-1.5.0-gcj-4.8-amd64 --with-arch-directory=amd64 --with-ecj-jar=/usr/share/java/eclipse-ecj.jar --enable-objc-gc --enable-multiarch --disable-werror --with-arch-32=i686 --with-abi=m64 --with-multilib-list=m32,m64,mx32 --with-tune=generic --enable-checking=release --build=x86_64-linux-gnu --host=x86_64-linux-gnu --target=x86_64-linux-gnu
Thread model: posix
gcc version 4.8.1 (Ubuntu/Linaro 4.8.1-10ubuntu9) 

-------------------------------------------------------------------------------------
GNU glibc version: 2.17 stable

-------------------------------------------------------------------------------------
GNU glibc++ version:

/usr/lib/x86_64-linux-gnu/libstdc++.so.6 -> libstdc++.so.6.0.18:
GLIBCXX_3.4
GLIBCXX_3.4.1
GLIBCXX_3.4.2
GLIBCXX_3.4.3
GLIBCXX_3.4.4
GLIBCXX_3.4.5
GLIBCXX_3.4.6
GLIBCXX_3.4.7
GLIBCXX_3.4.8
GLIBCXX_3.4.9
GLIBCXX_3.4.10
GLIBCXX_3.4.11
GLIBCXX_3.4.12
GLIBCXX_3.4.13
GLIBCXX_3.4.14
GLIBCXX_3.4.15
GLIBCXX_3.4.16
GLIBCXX_3.4.17
GLIBCXX_3.4.18
GLIBCXX_3.4.19
CXXABI_1.3
CXXABI_1.3.1
CXXABI_1.3.2
CXXABI_1.3.3
CXXABI_1.3.4
CXXABI_1.3.5
CXXABI_1.3.6
CXXABI_1.3.7

-------------------------------------------------------------------------------------
libusb version: ./diagnostic_report.sh: line 230: libusb-config: command not found
/usr/lib/libusbmuxd.so.2 -> libusbmuxd.so.1.0.8
/lib/x86_64-linux-gnu/libusb-1.0.so.0 -> libusb-1.0.so.0.1.0
/lib/x86_64-linux-gnu/libusb-0.1.so.4 -> libusb-0.1.so.4.4.4

-------------------------------------------------------------------------------------
libudev version: 
/lib/x86_64-linux-gnu/libudev.so.1 -> libudev.so.1.3.5

-------------------------------------------------------------------------------------
GStreamer 0.10.36
/usr/lib/x86_64-linux-gnu/libgstreamer-0.10.so.0 -> libgstreamer-0.10.so.0.30.0

=====================================================================================

============ Harware info ===========================================================
-------------------------------------------------------------------------------------
CPU info:
/proc/cpuinfo:
processor	: 0
vendor_id	: GenuineIntel
cpu family	: 6
model		: 42
model name	: Intel(R) Core(TM) i7-2720QM CPU @ 2.20GHz
stepping	: 7
microcode	: 0x15
cpu MHz		: 2195.150
cache size	: 6144 KB
fpu		: yes
fpu_exception	: yes
cpuid level	: 13
wp		: yes
flags		: fpu vme de pse tsc msr pae mce cx8 apic sep mtrr pge mca cmov pat pse36 clflush dts acpi mmx fxsr sse sse2 ss syscall nx rdtscp lm constant_tsc arch_perfmon pebs bts nopl xtopology tsc_reliable nonstop_tsc aperfmperf eagerfpu pni pclmulqdq ssse3 cx16 sse4_1 sse4_2 popcnt aes xsave avx hypervisor lahf_lm ida arat epb xsaveopt pln pts dtherm
bogomips	: 4390.30
clflush size	: 64
cache_alignment	: 64
address sizes	: 40 bits physical, 48 bits virtual
power management:

processor	: 1
vendor_id	: GenuineIntel
cpu family	: 6
model		: 42
model name	: Intel(R) Core(TM) i7-2720QM CPU @ 2.20GHz
stepping	: 7
microcode	: 0x15
cpu MHz		: 2195.150
cache size	: 6144 KB
fpu		: yes
fpu_exception	: yes
cpuid level	: 13
wp		: yes
flags		: fpu vme de pse tsc msr pae mce cx8 apic sep mtrr pge mca cmov pat pse36 clflush dts acpi mmx fxsr sse sse2 ss syscall nx rdtscp lm constant_tsc arch_perfmon pebs bts nopl xtopology tsc_reliable nonstop_tsc aperfmperf eagerfpu pni pclmulqdq ssse3 cx16 sse4_1 sse4_2 popcnt aes xsave avx hypervisor lahf_lm ida arat epb xsaveopt pln pts dtherm
bogomips	: 4390.30
clflush size	: 64
cache_alignment	: 64
address sizes	: 40 bits physical, 48 bits virtual
power management:

processor	: 2
vendor_id	: GenuineIntel
cpu family	: 6
model		: 42
model name	: Intel(R) Core(TM) i7-2720QM CPU @ 2.20GHz
stepping	: 7
microcode	: 0x15
cpu MHz		: 2195.150
cache size	: 6144 KB
fpu		: yes
fpu_exception	: yes
cpuid level	: 13
wp		: yes
flags		: fpu vme de pse tsc msr pae mce cx8 apic sep mtrr pge mca cmov pat pse36 clflush dts acpi mmx fxsr sse sse2 ss syscall nx rdtscp lm constant_tsc arch_perfmon pebs bts nopl xtopology tsc_reliable nonstop_tsc aperfmperf eagerfpu pni pclmulqdq ssse3 cx16 sse4_1 sse4_2 popcnt aes xsave avx hypervisor lahf_lm ida arat epb xsaveopt pln pts dtherm
bogomips	: 4390.30
clflush size	: 64
cache_alignment	: 64
address sizes	: 40 bits physical, 48 bits virtual
power management:

processor	: 3
vendor_id	: GenuineIntel
cpu family	: 6
model		: 42
model name	: Intel(R) Core(TM) i7-2720QM CPU @ 2.20GHz
stepping	: 7
microcode	: 0x15
cpu MHz		: 2195.150
cache size	: 6144 KB
fpu		: yes
fpu_exception	: yes
cpuid level	: 13
wp		: yes
flags		: fpu vme de pse tsc msr pae mce cx8 apic sep mtrr pge mca cmov pat pse36 clflush dts acpi mmx fxsr sse sse2 ss syscall nx rdtscp lm constant_tsc arch_perfmon pebs bts nopl xtopology tsc_reliable nonstop_tsc aperfmperf eagerfpu pni pclmulqdq ssse3 cx16 sse4_1 sse4_2 popcnt aes xsave avx hypervisor lahf_lm ida arat epb xsaveopt pln pts dtherm
bogomips	: 4390.30
clflush size	: 64
cache_alignment	: 64
address sizes	: 40 bits physical, 48 bits virtual
power management:

dmidecode -t processor
/dev/mem: Permission denied
# dmidecode 2.9

-------------------------------------------------------------------------------------
Memory info:
MemTotal:        2046840 kB
MemFree:          116976 kB
Buffers:           76772 kB
Cached:           799220 kB
SwapCached:            4 kB
Active:          1313320 kB
Inactive:         452368 kB
Active(anon):     858760 kB
Inactive(anon):    58516 kB
Active(file):     454560 kB
Inactive(file):   393852 kB
Unevictable:          32 kB
Mlocked:              32 kB
SwapTotal:       2094076 kB
SwapFree:        2093880 kB
Dirty:              1904 kB
Writeback:             0 kB
AnonPages:        889696 kB
Mapped:           179200 kB
Shmem:             27600 kB
Slab:              83128 kB
SReclaimable:      51676 kB
SUnreclaim:        31452 kB
KernelStack:        3976 kB
PageTables:        32096 kB
NFS_Unstable:          0 kB
Bounce:                0 kB
WritebackTmp:          0 kB
CommitLimit:     3117496 kB
Committed_AS:    3650360 kB
VmallocTotal:   34359738367 kB
VmallocUsed:      290184 kB
VmallocChunk:   34359444640 kB
HardwareCorrupted:     0 kB
AnonHugePages:         0 kB
HugePages_Total:       0
HugePages_Free:        0
HugePages_Rsvd:        0
HugePages_Surp:        0
Hugepagesize:       2048 kB
DirectMap4k:       49024 kB
DirectMap2M:     2048000 kB

dmidecode -t 6,16
/dev/mem: Permission denied
# dmidecode 2.9

-------------------------------------------------------------------------------------
HDD info:
/proc/partitions:
major minor  #blocks  name

  11        0    1048575 sr0
   8        0   20971520 sda
   8        1   18874368 sda1
   8        2          1 sda2
   8        5    2094080 sda5

-------------------
/dev/sda:
vendor:       VMware, 
model:        VMware Virtual S
serial:       
firmware rev: 1.0 

-------------------------------------------------------------------------------------
PCI devices:
lspci:
./diagnostic_report.sh: line 311: /usr/sbin/lspci: No such file or directory

-------------------------------------------------------------------------------------
USB devices:
ERROR: usbfs is not mounted

-------------------------------------------------------------------------------------
Network info:

--------------------
Network interfaces:
eth0      Link encap:Ethernet  HWaddr 00:0c:29:b7:3f:d4  
          inet addr:192.168.88.146  Bcast:192.168.88.255  Mask:255.255.255.0
          inet6 addr: fe80::20c:29ff:feb7:3fd4/64 Scope:Link
          UP BROADCAST RUNNING MULTICAST  MTU:1500  Metric:1
          RX packets:11809 errors:0 dropped:0 overruns:0 frame:0
          TX packets:6972 errors:0 dropped:0 overruns:0 carrier:0
          collisions:0 txqueuelen:1000 
          RX bytes:4802070 (4.8 MB)  TX bytes:884512 (884.5 KB)

lo        Link encap:Local Loopback  
          inet addr:127.0.0.1  Mask:255.0.0.0
          inet6 addr: ::1/128 Scope:Host
          UP LOOPBACK RUNNING  MTU:65536  Metric:1
          RX packets:41131 errors:0 dropped:0 overruns:0 frame:0
          TX packets:41131 errors:0 dropped:0 overruns:0 carrier:0
          collisions:0 txqueuelen:0 
          RX bytes:8084888 (8.0 MB)  TX bytes:8084888 (8.0 MB)

--------------------
IP routing table:
Kernel IP routing table
Destination     Gateway         Genmask         Flags Metric Ref    Use Iface
0.0.0.0         192.168.88.2    0.0.0.0         UG    0      0        0 eth0
192.168.88.0    0.0.0.0         255.255.255.0   U     1      0        0 eth0

=====================================================================================

============ SDK info =============================================================

Can't find components' directory

=====================================================================================

============ PGD info ===============================================================
-------------------------------------------------------------------------------------
PGD is not running
-------------------------------------------------------------------------------------

=====================================================================================

============ PGD log ================================================================

PGD log file: /tmp/pgd.log
PGD log:
2013-12-27 19:29:55 Starting PG (revision: 111258, mode: server, trial)
2013-12-27 19:29:55 Linux ubuntu 3.11.0-14-generic #21-Ubuntu SMP Tue Nov 12 17:04:55 UTC 2013 x86_64
2013-12-27 19:29:55 PG started (pid: 10303).
2013-12-27 19:58:11 PG daemon received SIGTERM, exiting...
2013-12-27 19:58:12 PG stopped.

=====================================================================================

============ Trial info =============================================================

Welcome!
Your IP: 99.225.93.59
Time: 1388203115
Stamp: 53E3AE29

Time left for trial products:
FaceClient: about 4 week(s)
Server: about 4 week(s)
FaceExtractor: about 4 week(s)
FaceMatcher: about 4 week(s)
FingerExtractor: about 4 week(s)
FingerClient: about 4 week(s)
IrisExtractor: about 4 week(s)
IrisClient: about 4 week(s)
PalmClient: about 4 week(s)
VoiceExtractor: about 4 week(s)
VoiceClient: about 4 week(s)
FingerCardExtractor: about 4 week(s)
FaceCardExtractor: about 4 week(s)
SentiSight: about 4 week(s)
FingerMatcher: about 4 week(s)
FingerFastMatcher: about 4 week(s)
FaceFastMatcher: about 4 week(s)
IrisMatcher: about 4 week(s)
IrisFastMatcher: about 4 week(s)
PalmMatcher: about 4 week(s)
VoiceMatcher: about 4 week(s)
VLSurveillance: about 4 week(s)
Cluster: about 4 week(s)

=====================================================================================

